q:\opencv_c++\mfcapplication3\x64\debug\vc143.pdb
q:\opencv_c++\mfcapplication3\x64\debug\vc143.idb
q:\opencv_c++\mfcapplication3\x64\debug\cdiadd.obj
q:\opencv_c++\mfcapplication3\x64\debug\mfcapplication3dlg.obj
q:\opencv_c++\mfcapplication3\x64\debug\mfcapplication3.obj
q:\opencv_c++\mfcapplication3\x64\debug\c1.obj
q:\opencv_c++\mfcapplication3\x64\debug\kong.obj
q:\opencv_c++\mfcapplication3\x64\debug\mqtt_zf.obj
q:\opencv_c++\mfcapplication3\x64\debug\mfcapplication3.pch
q:\opencv_c++\mfcapplication3\x64\debug\pch.obj
q:\opencv_c++\mfcapplication3\x64\debug\caiji.obj
q:\opencv_c++\mfcapplication3\x64\debug\tinyxml2.obj
q:\opencv_c++\mfcapplication3\x64\debug\mfcapplication3.exe
q:\opencv_c++\mfcapplication3\x64\debug\mfcapplication3.ilk
q:\opencv_c++\mfcapplication3\x64\debug\mfcapplication3.pdb
q:\opencv_c++\mfcapplication3\x64\debug\mfcmodbus.res
q:\opencv_c++\mfcapplication3\x64\debug\mfcapplication3.res
q:\opencv_c++\mfcapplication3\x64\debug\c1.new.obj.enc
q:\opencv_c++\mfcapplication3\x64\debug\mfcapplication3dlg.obj.enc
q:\opencv_c++\mfcapplication3\x64\debug\configfile.xml
q:\opencv_c++\mfcapplication3\x64\debug\mfcapplication3.tlog\cl.command.1.tlog
q:\opencv_c++\mfcapplication3\x64\debug\mfcapplication3.tlog\cl.items.tlog
q:\opencv_c++\mfcapplication3\x64\debug\mfcapplication3.tlog\cl.read.1.tlog
q:\opencv_c++\mfcapplication3\x64\debug\mfcapplication3.tlog\cl.write.1.tlog
q:\opencv_c++\mfcapplication3\x64\debug\mfcapplication3.tlog\link.command.1.tlog
q:\opencv_c++\mfcapplication3\x64\debug\mfcapplication3.tlog\link.read.1.tlog
q:\opencv_c++\mfcapplication3\x64\debug\mfcapplication3.tlog\link.write.1.tlog
q:\opencv_c++\mfcapplication3\x64\debug\mfcapplication3.tlog\rc.command.1.tlog
q:\opencv_c++\mfcapplication3\x64\debug\mfcapplication3.tlog\rc.read.1.tlog
q:\opencv_c++\mfcapplication3\x64\debug\mfcapplication3.tlog\rc.write.1.tlog
